<?xml version="1.0" encoding="UTF-8"?>
<!-- Generated by org.testng.reporters.JUnitReportReporter -->
<testsuite skipped="0" hostname="FZK-PC" name="com.scripts.ActiTIME.TESTActitimeLogin" tests="1" failures="0" timestamp="23 Sep 2020 20:20:48 GMT" time="12.525" errors="0">
  <testcase name="login" time="12.525" classname="com.scripts.ActiTIME.TESTActitimeLogin"/>
</testsuite> <!-- com.scripts.ActiTIME.TESTActitimeLogin -->
